[Sat, 22 Jun 2013 07:35:36 GMT] INFO Server starting with config: {
  "environment": "development",
  "workers": 1,
  "port": 4000,
  "spdy": null,
  "ssl": null,
  "debug": true,
  "rotateWorkers": false,
  "rotationWindow": 7200000,
  "rotationTimeout": 300000,
  "logDir": "/home/lyykfi/Projects/khrunichev/backend/app/log",
  "gracefulShutdownTimeout": 30000,
  "heartbeatInterval": 5000,
  "heartbeatWindow": 20000,
  "staticFilePath": "/home/lyykfi/Projects/khrunichev/backend/app/public",
  "sessions": {
    "store": "memory",
    "key": "sid",
    "expiry": 1209600
  },
  "cookieSessionKey": "sdata",
  "i18n": {
    "defaultLocale": "en-us",
    "loadPaths": [
      "/home/lyykfi/Projects/khrunichev/backend/app/config/locales"
    ]
  },
  "hostname": null,
  "fullHostname": null,
  "connectCompatibility": false,
  "detailedErrors": true,
  "model": {
    "defaultAdapter": "postgres"
  },
  "db": {
    "postgresql": {
      "port": 5432,
      "password": "1234",
      "database": "kh",
      "host": "localhost",
      "user": "pgadmin"
    }
  }
}
[Sat, 22 Jun 2013 07:35:36 GMT] INFO Creating 1 worker process.
[Sat, 22 Jun 2013 07:35:36 GMT] INFO Server worker running in development on port 4000 with a PID of: 18692
[Sat, 22 Jun 2013 07:35:53 GMT] INFO Code changed, killing 18692, cycling ...
[Sat, 22 Jun 2013 07:35:53 GMT] INFO Creating 1 worker process.
[Sat, 22 Jun 2013 07:35:54 GMT] INFO Server worker running in development on port 4000 with a PID of: 18710
[Sat, 22 Jun 2013 07:36:03 GMT] INFO Code changed, killing 18710, cycling ...
[Sat, 22 Jun 2013 07:36:03 GMT] INFO Creating 1 worker process.
[Sat, 22 Jun 2013 07:36:03 GMT] INFO Server worker running in development on port 4000 with a PID of: 18718
[Sat, 22 Jun 2013 07:36:55 GMT] INFO Code changed, killing 18718, cycling ...
[Sat, 22 Jun 2013 07:36:55 GMT] INFO Creating 1 worker process.
[Sat, 22 Jun 2013 07:36:55 GMT] INFO Server worker running in development on port 4000 with a PID of: 18749
[Sat, 22 Jun 2013 07:43:37 GMT] INFO Code changed, killing 18749, cycling ...
[Sat, 22 Jun 2013 07:43:37 GMT] INFO Creating 1 worker process.
[Sat, 22 Jun 2013 07:43:38 GMT] INFO Server worker running in development on port 4000 with a PID of: 18950
[Sat, 22 Jun 2013 07:43:46 GMT] INFO Code changed, killing 18950, cycling ...
[Sat, 22 Jun 2013 07:43:46 GMT] INFO Creating 1 worker process.
[Sat, 22 Jun 2013 07:43:46 GMT] INFO Server worker running in development on port 4000 with a PID of: 18964
[Sat, 22 Jun 2013 07:43:54 GMT] INFO Code changed, killing 18964, cycling ...
[Sat, 22 Jun 2013 07:43:54 GMT] INFO Creating 1 worker process.
[Sat, 22 Jun 2013 07:43:55 GMT] INFO Server worker running in development on port 4000 with a PID of: 18972
[Sat, 22 Jun 2013 07:44:05 GMT] INFO Code changed, killing 18972, cycling ...
[Sat, 22 Jun 2013 07:44:05 GMT] INFO Creating 1 worker process.
[Sat, 22 Jun 2013 07:44:05 GMT] INFO Server worker running in development on port 4000 with a PID of: 18984
[Sat, 22 Jun 2013 07:44:07 GMT] INFO Code changed, killing 18984, cycling ...
[Sat, 22 Jun 2013 07:44:07 GMT] INFO Creating 1 worker process.
[Sat, 22 Jun 2013 07:44:08 GMT] INFO Server worker running in development on port 4000 with a PID of: 18991
[Sat, 22 Jun 2013 07:49:20 GMT] INFO Code changed, killing 18991, cycling ...
[Sat, 22 Jun 2013 07:49:20 GMT] INFO Creating 1 worker process.
[Sat, 22 Jun 2013 07:49:21 GMT] INFO Server worker running in development on port 4000 with a PID of: 19103
