[Sat, 22 Jun 2013 06:51:54 GMT] INFO Server starting with config: {
  "environment": "development",
  "workers": 1,
  "port": 4000,
  "spdy": null,
  "ssl": null,
  "debug": true,
  "rotateWorkers": false,
  "rotationWindow": 7200000,
  "rotationTimeout": 300000,
  "logDir": "/home/lyykfi/Projects/khrunichev/backend/app/log",
  "gracefulShutdownTimeout": 30000,
  "heartbeatInterval": 5000,
  "heartbeatWindow": 20000,
  "staticFilePath": "/home/lyykfi/Projects/khrunichev/backend/app/public",
  "sessions": {
    "store": "memory",
    "key": "sid",
    "expiry": 1209600
  },
  "cookieSessionKey": "sdata",
  "i18n": {
    "defaultLocale": "en-us",
    "loadPaths": [
      "/home/lyykfi/Projects/khrunichev/backend/app/config/locales"
    ]
  },
  "hostname": null,
  "fullHostname": null,
  "connectCompatibility": false,
  "detailedErrors": true,
  "model": {
    "defaultAdapter": "postgres"
  },
  "db": {
    "postgresql": {
      "port": 5432,
      "password": "1234",
      "database": "kh",
      "host": "localhost",
      "user": "pgadmin"
    }
  }
}
[Sat, 22 Jun 2013 06:51:54 GMT] INFO Creating 1 worker process.
[Sat, 22 Jun 2013 06:51:54 GMT] INFO Server worker running in development on port 4000 with a PID of: 16410
[Sat, 22 Jun 2013 06:52:05 GMT] INFO Code changed, killing 16410, cycling ...
[Sat, 22 Jun 2013 06:52:05 GMT] INFO Creating 1 worker process.
[Sat, 22 Jun 2013 06:52:05 GMT] INFO Server worker running in development on port 4000 with a PID of: 16419
[Sat, 22 Jun 2013 06:52:17 GMT] INFO Code changed, killing 16419, cycling ...
[Sat, 22 Jun 2013 06:52:17 GMT] INFO Creating 1 worker process.
[Sat, 22 Jun 2013 06:52:17 GMT] INFO Server worker running in development on port 4000 with a PID of: 16427
[Sat, 22 Jun 2013 06:54:47 GMT] INFO Code changed, killing 16427, cycling ...
[Sat, 22 Jun 2013 06:54:47 GMT] INFO Creating 1 worker process.
[Sat, 22 Jun 2013 06:54:47 GMT] INFO Server worker running in development on port 4000 with a PID of: 16519
[Sat, 22 Jun 2013 06:54:57 GMT] INFO Code changed, killing 16519, cycling ...
[Sat, 22 Jun 2013 06:54:57 GMT] INFO Creating 1 worker process.
[Sat, 22 Jun 2013 06:54:57 GMT] INFO Server worker running in development on port 4000 with a PID of: 16527
[Sat, 22 Jun 2013 06:55:07 GMT] INFO Code changed, killing 16527, cycling ...
[Sat, 22 Jun 2013 06:55:07 GMT] INFO Creating 1 worker process.
[Sat, 22 Jun 2013 06:55:08 GMT] INFO Server worker running in development on port 4000 with a PID of: 16534
[Sat, 22 Jun 2013 06:55:19 GMT] INFO Code changed, killing 16534, cycling ...
[Sat, 22 Jun 2013 06:55:19 GMT] INFO Creating 1 worker process.
[Sat, 22 Jun 2013 06:55:19 GMT] INFO Server worker running in development on port 4000 with a PID of: 16541
[Sat, 22 Jun 2013 06:55:24 GMT] INFO Code changed, killing 16541, cycling ...
[Sat, 22 Jun 2013 06:55:24 GMT] INFO Creating 1 worker process.
[Sat, 22 Jun 2013 06:55:24 GMT] INFO Server worker running in development on port 4000 with a PID of: 16555
