[Fri, 21 Jun 2013 12:26:28 GMT] INFO Server starting with config: {
  "environment": "development",
  "workers": 1,
  "port": 4000,
  "spdy": null,
  "ssl": null,
  "debug": true,
  "rotateWorkers": false,
  "rotationWindow": 7200000,
  "rotationTimeout": 300000,
  "logDir": "/home/lyykfi/Work/templates/khrunichev/backend/app/log",
  "gracefulShutdownTimeout": 30000,
  "heartbeatInterval": 5000,
  "heartbeatWindow": 20000,
  "staticFilePath": "/home/lyykfi/Work/templates/khrunichev/backend/app/public",
  "sessions": {
    "store": "memory",
    "key": "sid",
    "expiry": 1209600
  },
  "cookieSessionKey": "sdata",
  "i18n": {
    "defaultLocale": "en-us",
    "loadPaths": [
      "/home/lyykfi/Work/templates/khrunichev/backend/app/config/locales"
    ]
  },
  "hostname": null,
  "fullHostname": null,
  "connectCompatibility": false,
  "detailedErrors": true,
  "model": {
    "defaultAdapter": "mongo"
  },
  "mongo": {
    "dbname": "model_test"
  }
}
[Fri, 21 Jun 2013 12:26:28 GMT] INFO Creating 1 worker process.
[Fri, 21 Jun 2013 12:27:06 GMT] INFO Creating 1 worker process.
[Fri, 21 Jun 2013 12:27:06 GMT] INFO Code changed, killing 27252, cycling ...
[Fri, 21 Jun 2013 12:27:06 GMT] INFO Creating 1 worker process.
