[Mon, 24 Jun 2013 16:24:00 GMT] INFO Server starting with config: {
  "environment": "development",
  "workers": 1,
  "port": 4000,
  "spdy": null,
  "ssl": null,
  "debug": true,
  "rotateWorkers": false,
  "rotationWindow": 7200000,
  "rotationTimeout": 300000,
  "logDir": "/home/lyykfi/Work/templates/khrunichev/backend/app/log",
  "gracefulShutdownTimeout": 30000,
  "heartbeatInterval": 5000,
  "heartbeatWindow": 20000,
  "staticFilePath": "/home/lyykfi/Work/templates/khrunichev/backend/app/public",
  "sessions": {
    "store": "memory",
    "key": "sid",
    "expiry": 1209600
  },
  "cookieSessionKey": "sdata",
  "i18n": {
    "defaultLocale": "en-us",
    "loadPaths": [
      "/home/lyykfi/Work/templates/khrunichev/backend/app/config/locales"
    ]
  },
  "hostname": null,
  "fullHostname": null,
  "connectCompatibility": false,
  "realtime": true,
  "passport": {
    "successRedirect": "/",
    "failureRedirect": "/login"
  },
  "detailedErrors": true,
  "model": {
    "defaultAdapter": "postgres"
  },
  "db": {
    "postgresql": {
      "port": 5432,
      "password": "1234",
      "database": "kh",
      "host": "localhost",
      "user": "pgadmin"
    }
  },
  "secret": "W0kXcgf3iwz0JlwvrCXLELj6ni4MgmJ6DDmB6FPjEOOHHWYQt8xzvWkGLtdudF38ckmaCUxtlQqSUMd2TDGtArtmbzlWtj0danMvQk2Qiv6YMMErClLI6WFfScIdDeXI"
}
[Mon, 24 Jun 2013 16:24:00 GMT] INFO Creating 1 worker process.
[Mon, 24 Jun 2013 16:24:00 GMT] INFO Server worker running in development on port 4000 with a PID of: 9224
[Mon, 24 Jun 2013 16:24:52 GMT] INFO Code changed, killing 9224, cycling ...
[Mon, 24 Jun 2013 16:24:52 GMT] INFO Creating 1 worker process.
[Mon, 24 Jun 2013 16:24:52 GMT] INFO Code changed, killing 9281, cycling ...
[Mon, 24 Jun 2013 16:24:52 GMT] INFO Creating 1 worker process.
[Mon, 24 Jun 2013 16:24:54 GMT] INFO Creating 1 worker process.
[Mon, 24 Jun 2013 16:24:54 GMT] INFO Code changed, killing 9289, cycling ...
[Mon, 24 Jun 2013 16:24:54 GMT] INFO Creating 1 worker process.
[Mon, 24 Jun 2013 16:24:54 GMT] INFO Server worker running in development on port 4000 with a PID of: 9290
