[Sat, 22 Jun 2013 08:01:01 GMT] INFO Server starting with config: {
  "environment": "development",
  "workers": 1,
  "port": 4000,
  "spdy": null,
  "ssl": null,
  "debug": true,
  "rotateWorkers": false,
  "rotationWindow": 7200000,
  "rotationTimeout": 300000,
  "logDir": "/home/lyykfi/Projects/khrunichev/backend/app/log",
  "gracefulShutdownTimeout": 30000,
  "heartbeatInterval": 5000,
  "heartbeatWindow": 20000,
  "staticFilePath": "/home/lyykfi/Projects/khrunichev/backend/app/public",
  "sessions": {
    "store": "memory",
    "key": "sid",
    "expiry": 1209600
  },
  "cookieSessionKey": "sdata",
  "i18n": {
    "defaultLocale": "en-us",
    "loadPaths": [
      "/home/lyykfi/Projects/khrunichev/backend/app/config/locales"
    ]
  },
  "hostname": null,
  "fullHostname": null,
  "connectCompatibility": false,
  "detailedErrors": true,
  "model": {
    "defaultAdapter": "postgres"
  },
  "db": {
    "postgresql": {
      "port": 5432,
      "password": "1234",
      "database": "kh",
      "host": "localhost",
      "user": "pgadmin"
    }
  }
}
[Sat, 22 Jun 2013 08:01:01 GMT] INFO Creating 1 worker process.
[Sat, 22 Jun 2013 08:01:01 GMT] INFO Server worker running in development on port 4000 with a PID of: 19599
[Sat, 22 Jun 2013 08:09:11 GMT] INFO Code changed, killing 19599, cycling ...
[Sat, 22 Jun 2013 08:09:11 GMT] INFO Creating 1 worker process.
[Sat, 22 Jun 2013 08:09:11 GMT] INFO Server worker running in development on port 4000 with a PID of: 19746
[Sat, 22 Jun 2013 08:09:27 GMT] INFO Code changed, killing 19746, cycling ...
[Sat, 22 Jun 2013 08:09:27 GMT] INFO Creating 1 worker process.
[Sat, 22 Jun 2013 08:09:28 GMT] INFO Server worker running in development on port 4000 with a PID of: 19761
[Sat, 22 Jun 2013 08:09:36 GMT] INFO Code changed, killing 19761, cycling ...
[Sat, 22 Jun 2013 08:09:36 GMT] INFO Creating 1 worker process.
[Sat, 22 Jun 2013 08:09:36 GMT] INFO Server worker running in development on port 4000 with a PID of: 19776
[Sat, 22 Jun 2013 08:09:46 GMT] INFO Code changed, killing 19776, cycling ...
[Sat, 22 Jun 2013 08:09:46 GMT] INFO Creating 1 worker process.
[Sat, 22 Jun 2013 08:09:46 GMT] INFO Server worker running in development on port 4000 with a PID of: 19783
