[Fri, 21 Jun 2013 13:50:45 GMT] INFO Server starting with config: {
  "environment": "development",
  "workers": 1,
  "port": 4000,
  "spdy": null,
  "ssl": null,
  "debug": true,
  "rotateWorkers": false,
  "rotationWindow": 7200000,
  "rotationTimeout": 300000,
  "logDir": "/home/lyykfi/Work/templates/khrunichev/backend/app/log",
  "gracefulShutdownTimeout": 30000,
  "heartbeatInterval": 5000,
  "heartbeatWindow": 20000,
  "staticFilePath": "/home/lyykfi/Work/templates/khrunichev/backend/app/public",
  "sessions": {
    "store": "memory",
    "key": "sid",
    "expiry": 1209600
  },
  "cookieSessionKey": "sdata",
  "i18n": {
    "defaultLocale": "en-us",
    "loadPaths": [
      "/home/lyykfi/Work/templates/khrunichev/backend/app/config/locales"
    ]
  },
  "hostname": null,
  "fullHostname": null,
  "connectCompatibility": false,
  "detailedErrors": true,
  "model": {
    "defaultAdapter": "postgres"
  },
  "db": {
    "postgresql": {
      "port": 5432,
      "password": "1234",
      "database": "kh",
      "host": "localhost",
      "user": "postgres"
    }
  }
}
[Fri, 21 Jun 2013 13:50:45 GMT] INFO Creating 1 worker process.
[Fri, 21 Jun 2013 13:50:45 GMT] INFO Server worker running in development on port 4000 with a PID of: 28238
[Fri, 21 Jun 2013 13:50:56 GMT] INFO Code changed, killing 28238, cycling ...
[Fri, 21 Jun 2013 13:50:56 GMT] INFO Creating 1 worker process.
[Fri, 21 Jun 2013 13:50:56 GMT] INFO Code changed, killing 28252, cycling ...
[Fri, 21 Jun 2013 13:50:56 GMT] INFO Creating 1 worker process.
[Fri, 21 Jun 2013 13:50:57 GMT] INFO Server worker running in development on port 4000 with a PID of: 28253
[Fri, 21 Jun 2013 13:51:05 GMT] INFO Code changed, killing 28253, cycling ...
[Fri, 21 Jun 2013 13:51:05 GMT] INFO Creating 1 worker process.
[Fri, 21 Jun 2013 13:51:05 GMT] INFO Code changed, killing 28261, cycling ...
[Fri, 21 Jun 2013 13:51:05 GMT] INFO Creating 1 worker process.
[Fri, 21 Jun 2013 13:51:05 GMT] INFO Server worker running in development on port 4000 with a PID of: 28262
[Fri, 21 Jun 2013 13:51:11 GMT] INFO Code changed, killing 28262, cycling ...
[Fri, 21 Jun 2013 13:51:11 GMT] INFO Creating 1 worker process.
[Fri, 21 Jun 2013 13:51:11 GMT] INFO Code changed, killing 28271, cycling ...
[Fri, 21 Jun 2013 13:51:11 GMT] INFO Creating 1 worker process.
[Fri, 21 Jun 2013 13:51:12 GMT] INFO Server worker running in development on port 4000 with a PID of: 28272
[Fri, 21 Jun 2013 13:51:19 GMT] INFO Code changed, killing 28272, cycling ...
[Fri, 21 Jun 2013 13:51:19 GMT] INFO Creating 1 worker process.
[Fri, 21 Jun 2013 13:51:19 GMT] INFO Code changed, killing 28280, cycling ...
[Fri, 21 Jun 2013 13:51:19 GMT] INFO Creating 1 worker process.
[Fri, 21 Jun 2013 13:51:19 GMT] INFO Server worker running in development on port 4000 with a PID of: 28281
[Fri, 21 Jun 2013 13:51:32 GMT] INFO Code changed, killing 28281, cycling ...
[Fri, 21 Jun 2013 13:51:32 GMT] INFO Creating 1 worker process.
[Fri, 21 Jun 2013 13:51:32 GMT] INFO Code changed, killing 28296, cycling ...
[Fri, 21 Jun 2013 13:51:32 GMT] INFO Creating 1 worker process.
[Fri, 21 Jun 2013 13:51:32 GMT] INFO Server worker running in development on port 4000 with a PID of: 28297
