[Fri, 21 Jun 2013 12:27:12 GMT] INFO Server starting with config: {
  "environment": "development",
  "workers": 1,
  "port": 4000,
  "spdy": null,
  "ssl": null,
  "debug": true,
  "rotateWorkers": false,
  "rotationWindow": 7200000,
  "rotationTimeout": 300000,
  "logDir": "/home/lyykfi/Work/templates/khrunichev/backend/app/log",
  "gracefulShutdownTimeout": 30000,
  "heartbeatInterval": 5000,
  "heartbeatWindow": 20000,
  "staticFilePath": "/home/lyykfi/Work/templates/khrunichev/backend/app/public",
  "sessions": {
    "store": "memory",
    "key": "sid",
    "expiry": 1209600
  },
  "cookieSessionKey": "sdata",
  "i18n": {
    "defaultLocale": "en-us",
    "loadPaths": [
      "/home/lyykfi/Work/templates/khrunichev/backend/app/config/locales"
    ]
  },
  "hostname": null,
  "fullHostname": null,
  "connectCompatibility": false,
  "detailedErrors": true,
  "model": {
    "defaultAdapter": "mongo"
  },
  "db": {
    "mongo": {
      "dbname": "model_test"
    }
  }
}
[Fri, 21 Jun 2013 12:27:12 GMT] INFO Creating 1 worker process.
[Fri, 21 Jun 2013 12:27:12 GMT] INFO Server worker running in development on port 4000 with a PID of: 27263
[Fri, 21 Jun 2013 13:37:57 GMT] INFO Code changed, killing 27263, cycling ...
[Fri, 21 Jun 2013 13:37:57 GMT] INFO Creating 1 worker process.
[Fri, 21 Jun 2013 13:37:57 GMT] INFO Code changed, killing 27546, cycling ...
[Fri, 21 Jun 2013 13:37:57 GMT] INFO Creating 1 worker process.
[Fri, 21 Jun 2013 13:37:57 GMT] INFO Server worker running in development on port 4000 with a PID of: 27547
[Fri, 21 Jun 2013 13:38:07 GMT] INFO Code changed, killing 27547, cycling ...
[Fri, 21 Jun 2013 13:38:07 GMT] INFO Creating 1 worker process.
[Fri, 21 Jun 2013 13:38:07 GMT] INFO Code changed, killing 27550, cycling ...
[Fri, 21 Jun 2013 13:38:07 GMT] INFO Creating 1 worker process.
[Fri, 21 Jun 2013 13:38:08 GMT] INFO Server worker running in development on port 4000 with a PID of: 27551
[Fri, 21 Jun 2013 13:38:30 GMT] INFO Code changed, killing 27551, cycling ...
[Fri, 21 Jun 2013 13:38:30 GMT] INFO Creating 1 worker process.
[Fri, 21 Jun 2013 13:38:30 GMT] INFO Code changed, killing 27554, cycling ...
[Fri, 21 Jun 2013 13:38:30 GMT] INFO Creating 1 worker process.
[Fri, 21 Jun 2013 13:38:30 GMT] INFO Server worker running in development on port 4000 with a PID of: 27555
[Fri, 21 Jun 2013 13:38:37 GMT] INFO Code changed, killing 27555, cycling ...
[Fri, 21 Jun 2013 13:38:37 GMT] INFO Creating 1 worker process.
[Fri, 21 Jun 2013 13:38:37 GMT] INFO Code changed, killing 27558, cycling ...
[Fri, 21 Jun 2013 13:38:37 GMT] INFO Creating 1 worker process.
[Fri, 21 Jun 2013 13:38:37 GMT] INFO Server worker running in development on port 4000 with a PID of: 27560
