[Fri, 21 Jun 2013 12:09:31 GMT] INFO Server starting with config: {
  "environment": "development",
  "workers": 1,
  "port": 4000,
  "spdy": null,
  "ssl": null,
  "debug": true,
  "rotateWorkers": false,
  "rotationWindow": 7200000,
  "rotationTimeout": 300000,
  "logDir": "/home/lyykfi/Work/templates/khrunichev/backend/app/log",
  "gracefulShutdownTimeout": 30000,
  "heartbeatInterval": 5000,
  "heartbeatWindow": 20000,
  "staticFilePath": "/home/lyykfi/Work/templates/khrunichev/backend/app/public",
  "sessions": {
    "store": "memory",
    "key": "sid",
    "expiry": 1209600
  },
  "cookieSessionKey": "sdata",
  "i18n": {
    "defaultLocale": "en-us",
    "loadPaths": [
      "/home/lyykfi/Work/templates/khrunichev/backend/app/config/locales"
    ]
  },
  "hostname": null,
  "fullHostname": null,
  "connectCompatibility": false,
  "detailedErrors": true,
  "model": {
    "defaultAdapter": "memory"
  }
}
[Fri, 21 Jun 2013 12:09:31 GMT] INFO Creating 1 worker process.
[Fri, 21 Jun 2013 12:09:31 GMT] INFO Server worker running in development on port 4000 with a PID of: 26824
[Fri, 21 Jun 2013 12:09:52 GMT] INFO Code changed, killing 26824, cycling ...
[Fri, 21 Jun 2013 12:09:52 GMT] INFO Creating 1 worker process.
[Fri, 21 Jun 2013 12:09:52 GMT] INFO Code changed, killing 26834, cycling ...
[Fri, 21 Jun 2013 12:09:52 GMT] INFO Creating 1 worker process.
[Fri, 21 Jun 2013 12:09:52 GMT] INFO Server worker running in development on port 4000 with a PID of: 26835
[Fri, 21 Jun 2013 12:10:01 GMT] INFO Code changed, killing 26835, cycling ...
[Fri, 21 Jun 2013 12:10:01 GMT] INFO Creating 1 worker process.
[Fri, 21 Jun 2013 12:10:01 GMT] INFO Code changed, killing 26850, cycling ...
[Fri, 21 Jun 2013 12:10:01 GMT] INFO Creating 1 worker process.
[Fri, 21 Jun 2013 12:10:01 GMT] INFO Server worker running in development on port 4000 with a PID of: 26851
[Fri, 21 Jun 2013 12:10:15 GMT] INFO Code changed, killing 26851, cycling ...
[Fri, 21 Jun 2013 12:10:15 GMT] INFO Creating 1 worker process.
[Fri, 21 Jun 2013 12:10:15 GMT] INFO Code changed, killing 26857, cycling ...
[Fri, 21 Jun 2013 12:10:15 GMT] INFO Creating 1 worker process.
[Fri, 21 Jun 2013 12:10:15 GMT] INFO Server worker running in development on port 4000 with a PID of: 26858
[Fri, 21 Jun 2013 12:11:30 GMT] INFO Code changed, killing 26858, cycling ...
[Fri, 21 Jun 2013 12:11:30 GMT] INFO Creating 1 worker process.
[Fri, 21 Jun 2013 12:11:30 GMT] INFO Code changed, killing 26877, cycling ...
[Fri, 21 Jun 2013 12:11:30 GMT] INFO Creating 1 worker process.
[Fri, 21 Jun 2013 12:11:30 GMT] INFO Server worker running in development on port 4000 with a PID of: 26878
[Fri, 21 Jun 2013 12:11:34 GMT] INFO Code changed, killing 26878, cycling ...
[Fri, 21 Jun 2013 12:11:34 GMT] INFO Creating 1 worker process.
[Fri, 21 Jun 2013 12:11:34 GMT] INFO Code changed, killing 26881, cycling ...
[Fri, 21 Jun 2013 12:11:34 GMT] INFO Creating 1 worker process.
[Fri, 21 Jun 2013 12:11:34 GMT] INFO Server worker running in development on port 4000 with a PID of: 26882
[Fri, 21 Jun 2013 12:11:36 GMT] INFO Code changed, killing 26882, cycling ...
[Fri, 21 Jun 2013 12:11:36 GMT] INFO Creating 1 worker process.
[Fri, 21 Jun 2013 12:11:36 GMT] INFO Code changed, killing 26884, cycling ...
[Fri, 21 Jun 2013 12:11:36 GMT] INFO Creating 1 worker process.
[Fri, 21 Jun 2013 12:11:36 GMT] INFO Server worker running in development on port 4000 with a PID of: 26885
[Fri, 21 Jun 2013 12:11:37 GMT] INFO Code changed, killing 26885, cycling ...
[Fri, 21 Jun 2013 12:11:37 GMT] INFO Creating 1 worker process.
[Fri, 21 Jun 2013 12:11:37 GMT] INFO Code changed, killing 26888, cycling ...
[Fri, 21 Jun 2013 12:11:37 GMT] INFO Creating 1 worker process.
[Fri, 21 Jun 2013 12:11:37 GMT] INFO Server worker running in development on port 4000 with a PID of: 26889
[Fri, 21 Jun 2013 12:11:48 GMT] INFO Code changed, killing 26889, cycling ...
[Fri, 21 Jun 2013 12:11:48 GMT] INFO Creating 1 worker process.
[Fri, 21 Jun 2013 12:11:48 GMT] INFO Code changed, killing 26901, cycling ...
[Fri, 21 Jun 2013 12:11:48 GMT] INFO Creating 1 worker process.
[Fri, 21 Jun 2013 12:11:48 GMT] INFO Server worker running in development on port 4000 with a PID of: 26902
[Fri, 21 Jun 2013 12:11:51 GMT] INFO Code changed, killing 26902, cycling ...
[Fri, 21 Jun 2013 12:11:51 GMT] INFO Creating 1 worker process.
[Fri, 21 Jun 2013 12:11:51 GMT] INFO Code changed, killing 26908, cycling ...
[Fri, 21 Jun 2013 12:11:51 GMT] INFO Creating 1 worker process.
[Fri, 21 Jun 2013 12:11:51 GMT] INFO Server worker running in development on port 4000 with a PID of: 26909
[Fri, 21 Jun 2013 12:12:19 GMT] INFO Code changed, killing 26909, cycling ...
[Fri, 21 Jun 2013 12:12:19 GMT] INFO Creating 1 worker process.
[Fri, 21 Jun 2013 12:12:19 GMT] INFO Code changed, killing 26916, cycling ...
[Fri, 21 Jun 2013 12:12:19 GMT] INFO Creating 1 worker process.
[Fri, 21 Jun 2013 12:12:19 GMT] INFO Server worker running in development on port 4000 with a PID of: 26917
[Fri, 21 Jun 2013 12:12:28 GMT] INFO Code changed, killing 26917, cycling ...
[Fri, 21 Jun 2013 12:12:28 GMT] INFO Creating 1 worker process.
[Fri, 21 Jun 2013 12:12:28 GMT] INFO Code changed, killing 26931, cycling ...
[Fri, 21 Jun 2013 12:12:28 GMT] INFO Creating 1 worker process.
[Fri, 21 Jun 2013 12:12:28 GMT] INFO Server worker running in development on port 4000 with a PID of: 26932
[Fri, 21 Jun 2013 12:20:27 GMT] INFO Code changed, killing 26932, cycling ...
[Fri, 21 Jun 2013 12:20:27 GMT] INFO Creating 1 worker process.
[Fri, 21 Jun 2013 12:20:27 GMT] INFO Server worker running in development on port 4000 with a PID of: 26972
[Fri, 21 Jun 2013 12:21:11 GMT] INFO Code changed, killing 26972, cycling ...
[Fri, 21 Jun 2013 12:21:11 GMT] INFO Creating 1 worker process.
[Fri, 21 Jun 2013 12:21:11 GMT] INFO Code changed, killing 26992, cycling ...
[Fri, 21 Jun 2013 12:21:11 GMT] INFO Creating 1 worker process.
[Fri, 21 Jun 2013 12:21:12 GMT] INFO Server worker running in development on port 4000 with a PID of: 26993
[Fri, 21 Jun 2013 12:21:21 GMT] INFO Code changed, killing 26993, cycling ...
[Fri, 21 Jun 2013 12:21:21 GMT] INFO Creating 1 worker process.
[Fri, 21 Jun 2013 12:21:21 GMT] INFO Code changed, killing 26996, cycling ...
[Fri, 21 Jun 2013 12:21:21 GMT] INFO Creating 1 worker process.
[Fri, 21 Jun 2013 12:21:21 GMT] INFO Server worker running in development on port 4000 with a PID of: 26997
[Fri, 21 Jun 2013 12:22:29 GMT] INFO Code changed, killing 26997, cycling ...
[Fri, 21 Jun 2013 12:22:29 GMT] INFO Creating 1 worker process.
[Fri, 21 Jun 2013 12:22:29 GMT] INFO Code changed, killing 27013, cycling ...
[Fri, 21 Jun 2013 12:22:29 GMT] INFO Creating 1 worker process.
[Fri, 21 Jun 2013 12:22:30 GMT] INFO Server worker running in development on port 4000 with a PID of: 27014
[Fri, 21 Jun 2013 12:22:47 GMT] INFO Code changed, killing 27014, cycling ...
[Fri, 21 Jun 2013 12:22:47 GMT] INFO Creating 1 worker process.
[Fri, 21 Jun 2013 12:22:47 GMT] INFO Code changed, killing 27018, cycling ...
[Fri, 21 Jun 2013 12:22:47 GMT] INFO Creating 1 worker process.
[Fri, 21 Jun 2013 12:22:47 GMT] INFO Server worker running in development on port 4000 with a PID of: 27019
[Fri, 21 Jun 2013 12:22:51 GMT] INFO Code changed, killing 27019, cycling ...
[Fri, 21 Jun 2013 12:22:51 GMT] INFO Creating 1 worker process.
[Fri, 21 Jun 2013 12:22:51 GMT] INFO Code changed, killing 27021, cycling ...
[Fri, 21 Jun 2013 12:22:51 GMT] INFO Creating 1 worker process.
[Fri, 21 Jun 2013 12:22:51 GMT] INFO Server worker running in development on port 4000 with a PID of: 27022
[Fri, 21 Jun 2013 12:23:02 GMT] INFO Code changed, killing 27022, cycling ...
[Fri, 21 Jun 2013 12:23:02 GMT] INFO Creating 1 worker process.
[Fri, 21 Jun 2013 12:23:02 GMT] INFO Code changed, killing 27035, cycling ...
[Fri, 21 Jun 2013 12:23:02 GMT] INFO Creating 1 worker process.
[Fri, 21 Jun 2013 12:23:02 GMT] INFO Server worker running in development on port 4000 with a PID of: 27036
[Fri, 21 Jun 2013 12:23:25 GMT] INFO Code changed, killing 27036, cycling ...
[Fri, 21 Jun 2013 12:23:25 GMT] INFO Creating 1 worker process.
[Fri, 21 Jun 2013 12:23:25 GMT] INFO Code changed, killing 27044, cycling ...
[Fri, 21 Jun 2013 12:23:25 GMT] INFO Creating 1 worker process.
[Fri, 21 Jun 2013 12:23:25 GMT] INFO Server worker running in development on port 4000 with a PID of: 27045
[Fri, 21 Jun 2013 12:23:45 GMT] INFO Code changed, killing 27045, cycling ...
[Fri, 21 Jun 2013 12:23:45 GMT] INFO Creating 1 worker process.
[Fri, 21 Jun 2013 12:23:45 GMT] INFO Code changed, killing 27063, cycling ...
[Fri, 21 Jun 2013 12:23:45 GMT] INFO Creating 1 worker process.
[Fri, 21 Jun 2013 12:23:45 GMT] INFO Server worker running in development on port 4000 with a PID of: 27064
[Fri, 21 Jun 2013 12:25:34 GMT] INFO Code changed, killing 27064, cycling ...
[Fri, 21 Jun 2013 12:25:34 GMT] INFO Creating 1 worker process.
[Fri, 21 Jun 2013 12:25:34 GMT] INFO Code changed, killing 27220, cycling ...
[Fri, 21 Jun 2013 12:25:34 GMT] INFO Creating 1 worker process.
[Fri, 21 Jun 2013 12:25:34 GMT] INFO Server worker running in development on port 4000 with a PID of: 27221
[Fri, 21 Jun 2013 12:25:48 GMT] INFO Code changed, killing 27221, cycling ...
[Fri, 21 Jun 2013 12:25:48 GMT] INFO Creating 1 worker process.
[Fri, 21 Jun 2013 12:25:48 GMT] INFO Code changed, killing 27224, cycling ...
[Fri, 21 Jun 2013 12:25:48 GMT] INFO Creating 1 worker process.
[Fri, 21 Jun 2013 12:25:48 GMT] INFO Server worker running in development on port 4000 with a PID of: 27225
