[Sat, 22 Jun 2013 06:02:47 GMT] INFO Server starting with config: {
  "environment": "development",
  "workers": 1,
  "port": 4000,
  "spdy": null,
  "ssl": null,
  "debug": true,
  "rotateWorkers": false,
  "rotationWindow": 7200000,
  "rotationTimeout": 300000,
  "logDir": "/home/lyykfi/Projects/khrunichev/backend/app/log",
  "gracefulShutdownTimeout": 30000,
  "heartbeatInterval": 5000,
  "heartbeatWindow": 20000,
  "staticFilePath": "/home/lyykfi/Projects/khrunichev/backend/app/public",
  "sessions": {
    "store": "memory",
    "key": "sid",
    "expiry": 1209600
  },
  "cookieSessionKey": "sdata",
  "i18n": {
    "defaultLocale": "en-us",
    "loadPaths": [
      "/home/lyykfi/Projects/khrunichev/backend/app/config/locales"
    ]
  },
  "hostname": null,
  "fullHostname": null,
  "connectCompatibility": false,
  "detailedErrors": true,
  "model": {
    "defaultAdapter": "postgres"
  },
  "db": {
    "postgresql": {
      "port": 5432,
      "password": "1234",
      "database": "kh",
      "host": "localhost",
      "user": "pgadmin"
    }
  }
}
[Sat, 22 Jun 2013 06:02:47 GMT] INFO Creating 1 worker process.
[Sat, 22 Jun 2013 06:02:48 GMT] INFO Server worker running in development on port 4000 with a PID of: 15150
[Sat, 22 Jun 2013 06:38:02 GMT] INFO Code changed, killing 15150, cycling ...
[Sat, 22 Jun 2013 06:38:02 GMT] INFO Creating 1 worker process.
[Sat, 22 Jun 2013 06:38:03 GMT] INFO Server worker running in development on port 4000 with a PID of: 15849
[Sat, 22 Jun 2013 06:38:11 GMT] INFO Code changed, killing 15849, cycling ...
[Sat, 22 Jun 2013 06:38:11 GMT] INFO Creating 1 worker process.
[Sat, 22 Jun 2013 06:38:12 GMT] INFO Server worker running in development on port 4000 with a PID of: 15858
[Sat, 22 Jun 2013 06:38:35 GMT] INFO Code changed, killing 15858, cycling ...
[Sat, 22 Jun 2013 06:38:35 GMT] INFO Creating 1 worker process.
[Sat, 22 Jun 2013 06:38:35 GMT] INFO Server worker running in development on port 4000 with a PID of: 15874
[Sat, 22 Jun 2013 06:39:22 GMT] INFO Code changed, killing 15874, cycling ...
[Sat, 22 Jun 2013 06:39:22 GMT] INFO Creating 1 worker process.
[Sat, 22 Jun 2013 06:39:22 GMT] INFO Server worker running in development on port 4000 with a PID of: 15900
[Sat, 22 Jun 2013 06:42:12 GMT] INFO Code changed, killing 15900, cycling ...
[Sat, 22 Jun 2013 06:42:12 GMT] INFO Creating 1 worker process.
[Sat, 22 Jun 2013 06:42:13 GMT] INFO Server worker running in development on port 4000 with a PID of: 15986
[Sat, 22 Jun 2013 06:42:20 GMT] INFO Code changed, killing 15986, cycling ...
[Sat, 22 Jun 2013 06:42:20 GMT] INFO Creating 1 worker process.
[Sat, 22 Jun 2013 06:42:20 GMT] INFO Server worker running in development on port 4000 with a PID of: 15994
