[Sat, 22 Jun 2013 06:55:44 GMT] INFO Server starting with config: {
  "environment": "development",
  "workers": 1,
  "port": 4000,
  "spdy": null,
  "ssl": null,
  "debug": true,
  "rotateWorkers": false,
  "rotationWindow": 7200000,
  "rotationTimeout": 300000,
  "logDir": "/home/lyykfi/Projects/khrunichev/backend/app/log",
  "gracefulShutdownTimeout": 30000,
  "heartbeatInterval": 5000,
  "heartbeatWindow": 20000,
  "staticFilePath": "/home/lyykfi/Projects/khrunichev/backend/app/public",
  "sessions": {
    "store": "memory",
    "key": "sid",
    "expiry": 1209600
  },
  "cookieSessionKey": "sdata",
  "i18n": {
    "defaultLocale": "en-us",
    "loadPaths": [
      "/home/lyykfi/Projects/khrunichev/backend/app/config/locales"
    ]
  },
  "hostname": null,
  "fullHostname": null,
  "connectCompatibility": false,
  "detailedErrors": true,
  "model": {
    "defaultAdapter": "postgres"
  },
  "db": {
    "postgresql": {
      "port": 5432,
      "password": "1234",
      "database": "kh",
      "host": "localhost",
      "user": "pgadmin"
    }
  }
}
[Sat, 22 Jun 2013 06:55:44 GMT] INFO Creating 1 worker process.
[Sat, 22 Jun 2013 06:55:45 GMT] INFO Server worker running in development on port 4000 with a PID of: 16581
[Sat, 22 Jun 2013 06:55:49 GMT] INFO Code changed, killing 16581, cycling ...
[Sat, 22 Jun 2013 06:55:49 GMT] INFO Creating 1 worker process.
[Sat, 22 Jun 2013 06:55:50 GMT] INFO Server worker running in development on port 4000 with a PID of: 16589
[Sat, 22 Jun 2013 06:56:43 GMT] INFO Code changed, killing 16589, cycling ...
[Sat, 22 Jun 2013 06:56:43 GMT] INFO Creating 1 worker process.
[Sat, 22 Jun 2013 06:56:43 GMT] INFO Server worker running in development on port 4000 with a PID of: 16624
[Sat, 22 Jun 2013 06:56:58 GMT] INFO Code changed, killing 16624, cycling ...
[Sat, 22 Jun 2013 06:56:58 GMT] INFO Creating 1 worker process.
[Sat, 22 Jun 2013 06:56:59 GMT] INFO Server worker running in development on port 4000 with a PID of: 16632
[Sat, 22 Jun 2013 07:01:38 GMT] INFO Code changed, killing 16632, cycling ...
[Sat, 22 Jun 2013 07:01:38 GMT] INFO Creating 1 worker process.
[Sat, 22 Jun 2013 07:01:38 GMT] INFO Server worker running in development on port 4000 with a PID of: 17164
[Sat, 22 Jun 2013 07:01:41 GMT] INFO Code changed, killing 17164, cycling ...
[Sat, 22 Jun 2013 07:01:41 GMT] INFO Creating 1 worker process.
[Sat, 22 Jun 2013 07:01:42 GMT] INFO Server worker running in development on port 4000 with a PID of: 17171
[Sat, 22 Jun 2013 07:01:50 GMT] INFO Code changed, killing 17171, cycling ...
[Sat, 22 Jun 2013 07:01:50 GMT] INFO Creating 1 worker process.
[Sat, 22 Jun 2013 07:01:51 GMT] INFO Server worker running in development on port 4000 with a PID of: 17178
[Sat, 22 Jun 2013 07:04:23 GMT] INFO Code changed, killing 17178, cycling ...
[Sat, 22 Jun 2013 07:04:23 GMT] INFO Creating 1 worker process.
[Sat, 22 Jun 2013 07:04:23 GMT] INFO Server worker running in development on port 4000 with a PID of: 17247
[Sat, 22 Jun 2013 07:04:45 GMT] INFO Code changed, killing 17247, cycling ...
[Sat, 22 Jun 2013 07:04:45 GMT] INFO Creating 1 worker process.
[Sat, 22 Jun 2013 07:04:45 GMT] INFO Server worker running in development on port 4000 with a PID of: 17255
[Sat, 22 Jun 2013 07:04:53 GMT] INFO Code changed, killing 17255, cycling ...
[Sat, 22 Jun 2013 07:04:53 GMT] INFO Creating 1 worker process.
[Sat, 22 Jun 2013 07:04:53 GMT] INFO Server worker running in development on port 4000 with a PID of: 17263
[Sat, 22 Jun 2013 07:05:05 GMT] INFO Code changed, killing 17263, cycling ...
[Sat, 22 Jun 2013 07:05:05 GMT] INFO Creating 1 worker process.
[Sat, 22 Jun 2013 07:05:06 GMT] INFO Server worker running in development on port 4000 with a PID of: 17270
[Sat, 22 Jun 2013 07:08:39 GMT] INFO Code changed, killing 17270, cycling ...
[Sat, 22 Jun 2013 07:08:39 GMT] INFO Creating 1 worker process.
[Sat, 22 Jun 2013 07:08:39 GMT] INFO Server worker running in development on port 4000 with a PID of: 17371
