[Fri, 21 Jun 2013 13:59:56 GMT] INFO Server starting with config: {
  "environment": "development",
  "workers": 1,
  "port": 4000,
  "spdy": null,
  "ssl": null,
  "debug": true,
  "rotateWorkers": false,
  "rotationWindow": 7200000,
  "rotationTimeout": 300000,
  "logDir": "/home/lyykfi/Work/templates/khrunichev/backend/app/log",
  "gracefulShutdownTimeout": 30000,
  "heartbeatInterval": 5000,
  "heartbeatWindow": 20000,
  "staticFilePath": "/home/lyykfi/Work/templates/khrunichev/backend/app/public",
  "sessions": {
    "store": "memory",
    "key": "sid",
    "expiry": 1209600
  },
  "cookieSessionKey": "sdata",
  "i18n": {
    "defaultLocale": "en-us",
    "loadPaths": [
      "/home/lyykfi/Work/templates/khrunichev/backend/app/config/locales"
    ]
  },
  "hostname": null,
  "fullHostname": null,
  "connectCompatibility": false,
  "detailedErrors": true,
  "model": {
    "defaultAdapter": "postgres"
  },
  "db": {
    "postgresql": {
      "port": 5432,
      "password": "1234",
      "database": "kh",
      "host": "localhost",
      "user": "postgres"
    }
  }
}
[Fri, 21 Jun 2013 13:59:56 GMT] INFO Creating 1 worker process.
[Fri, 21 Jun 2013 13:59:57 GMT] INFO Server worker running in development on port 4000 with a PID of: 28640
[Fri, 21 Jun 2013 14:03:29 GMT] INFO Code changed, killing 28640, cycling ...
[Fri, 21 Jun 2013 14:03:29 GMT] INFO Creating 1 worker process.
[Fri, 21 Jun 2013 14:03:29 GMT] INFO Code changed, killing 28749, cycling ...
[Fri, 21 Jun 2013 14:03:29 GMT] INFO Creating 1 worker process.
[Fri, 21 Jun 2013 14:03:29 GMT] INFO Server worker running in development on port 4000 with a PID of: 28750
[Fri, 21 Jun 2013 14:03:33 GMT] INFO Code changed, killing 28750, cycling ...
[Fri, 21 Jun 2013 14:03:33 GMT] INFO Creating 1 worker process.
[Fri, 21 Jun 2013 14:03:33 GMT] INFO Code changed, killing 28758, cycling ...
[Fri, 21 Jun 2013 14:03:33 GMT] INFO Creating 1 worker process.
[Fri, 21 Jun 2013 14:03:33 GMT] INFO Server worker running in development on port 4000 with a PID of: 28759
[Fri, 21 Jun 2013 14:04:20 GMT] INFO Code changed, killing 28759, cycling ...
[Fri, 21 Jun 2013 14:04:20 GMT] INFO Creating 1 worker process.
[Fri, 21 Jun 2013 14:04:20 GMT] INFO Code changed, killing 28778, cycling ...
[Fri, 21 Jun 2013 14:04:20 GMT] INFO Creating 1 worker process.
[Fri, 21 Jun 2013 14:04:20 GMT] INFO Server worker running in development on port 4000 with a PID of: 28779
[Fri, 21 Jun 2013 14:04:24 GMT] INFO Code changed, killing 28779, cycling ...
[Fri, 21 Jun 2013 14:04:24 GMT] INFO Creating 1 worker process.
[Fri, 21 Jun 2013 14:04:24 GMT] INFO Code changed, killing 28786, cycling ...
[Fri, 21 Jun 2013 14:04:24 GMT] INFO Creating 1 worker process.
[Fri, 21 Jun 2013 14:04:24 GMT] INFO Server worker running in development on port 4000 with a PID of: 28787
[Fri, 21 Jun 2013 14:04:29 GMT] INFO Code changed, killing 28787, cycling ...
[Fri, 21 Jun 2013 14:04:29 GMT] INFO Creating 1 worker process.
[Fri, 21 Jun 2013 14:04:29 GMT] INFO Code changed, killing 28801, cycling ...
[Fri, 21 Jun 2013 14:04:29 GMT] INFO Creating 1 worker process.
[Fri, 21 Jun 2013 14:04:30 GMT] INFO Server worker running in development on port 4000 with a PID of: 28802
[Fri, 21 Jun 2013 14:05:00 GMT] INFO Code changed, killing 28802, cycling ...
[Fri, 21 Jun 2013 14:05:00 GMT] INFO Creating 1 worker process.
[Fri, 21 Jun 2013 14:05:00 GMT] INFO Code changed, killing 28819, cycling ...
[Fri, 21 Jun 2013 14:05:00 GMT] INFO Creating 1 worker process.
[Fri, 21 Jun 2013 14:05:00 GMT] INFO Server worker running in development on port 4000 with a PID of: 28820
[Fri, 21 Jun 2013 14:05:01 GMT] INFO Code changed, killing 28820, cycling ...
[Fri, 21 Jun 2013 14:05:01 GMT] INFO Creating 1 worker process.
[Fri, 21 Jun 2013 14:05:01 GMT] INFO Code changed, killing 28827, cycling ...
[Fri, 21 Jun 2013 14:05:01 GMT] INFO Creating 1 worker process.
[Fri, 21 Jun 2013 14:05:01 GMT] INFO Server worker running in development on port 4000 with a PID of: 28828
[Fri, 21 Jun 2013 14:05:08 GMT] INFO Code changed, killing 28828, cycling ...
[Fri, 21 Jun 2013 14:05:08 GMT] INFO Creating 1 worker process.
[Fri, 21 Jun 2013 14:05:08 GMT] INFO Code changed, killing 28835, cycling ...
[Fri, 21 Jun 2013 14:05:08 GMT] INFO Creating 1 worker process.
[Fri, 21 Jun 2013 14:05:08 GMT] INFO Server worker running in development on port 4000 with a PID of: 28836
[Fri, 21 Jun 2013 14:05:12 GMT] INFO Code changed, killing 28836, cycling ...
[Fri, 21 Jun 2013 14:05:12 GMT] INFO Creating 1 worker process.
[Fri, 21 Jun 2013 14:05:12 GMT] INFO Code changed, killing 28843, cycling ...
[Fri, 21 Jun 2013 14:05:12 GMT] INFO Creating 1 worker process.
[Fri, 21 Jun 2013 14:05:13 GMT] INFO Server worker running in development on port 4000 with a PID of: 28844
[Fri, 21 Jun 2013 14:05:19 GMT] INFO Creating 1 worker process.
[Fri, 21 Jun 2013 14:05:19 GMT] INFO Code changed, killing 28852, cycling ...
[Fri, 21 Jun 2013 14:05:19 GMT] INFO Creating 1 worker process.
[Fri, 21 Jun 2013 14:05:19 GMT] INFO Server worker running in development on port 4000 with a PID of: 28853
[Fri, 21 Jun 2013 14:05:23 GMT] INFO Code changed, killing 28853, cycling ...
[Fri, 21 Jun 2013 14:05:23 GMT] INFO Creating 1 worker process.
[Fri, 21 Jun 2013 14:05:23 GMT] INFO Code changed, killing 28861, cycling ...
[Fri, 21 Jun 2013 14:05:23 GMT] INFO Creating 1 worker process.
[Fri, 21 Jun 2013 14:05:24 GMT] INFO Server worker running in development on port 4000 with a PID of: 28862
[Fri, 21 Jun 2013 14:05:32 GMT] INFO Code changed, killing 28862, cycling ...
[Fri, 21 Jun 2013 14:05:32 GMT] INFO Creating 1 worker process.
[Fri, 21 Jun 2013 14:05:32 GMT] INFO Code changed, killing 28869, cycling ...
[Fri, 21 Jun 2013 14:05:32 GMT] INFO Creating 1 worker process.
[Fri, 21 Jun 2013 14:05:32 GMT] INFO Server worker running in development on port 4000 with a PID of: 28870
[Fri, 21 Jun 2013 14:05:40 GMT] INFO Code changed, killing 28870, cycling ...
[Fri, 21 Jun 2013 14:05:40 GMT] INFO Creating 1 worker process.
[Fri, 21 Jun 2013 14:05:40 GMT] INFO Code changed, killing 28878, cycling ...
[Fri, 21 Jun 2013 14:05:40 GMT] INFO Creating 1 worker process.
[Fri, 21 Jun 2013 14:05:40 GMT] INFO Server worker running in development on port 4000 with a PID of: 28879
