[Fri, 21 Jun 2013 12:03:00 GMT] INFO Server starting with config: {
  "environment": "development",
  "workers": 1,
  "port": 4000,
  "spdy": null,
  "ssl": null,
  "debug": true,
  "rotateWorkers": false,
  "rotationWindow": 7200000,
  "rotationTimeout": 300000,
  "logDir": "/home/lyykfi/Work/templates/khrunichev/backend/app/log",
  "gracefulShutdownTimeout": 30000,
  "heartbeatInterval": 5000,
  "heartbeatWindow": 20000,
  "staticFilePath": "/home/lyykfi/Work/templates/khrunichev/backend/app/public",
  "sessions": {
    "store": "memory",
    "key": "sid",
    "expiry": 1209600
  },
  "cookieSessionKey": "sdata",
  "i18n": {
    "defaultLocale": "en-us",
    "loadPaths": [
      "/home/lyykfi/Work/templates/khrunichev/backend/app/config/locales"
    ]
  },
  "hostname": null,
  "fullHostname": null,
  "connectCompatibility": false,
  "detailedErrors": true,
  "model": {
    "defaultAdapter": "memory"
  }
}
[Fri, 21 Jun 2013 12:03:00 GMT] INFO Creating 1 worker process.
[Fri, 21 Jun 2013 12:03:00 GMT] INFO Server worker running in development on port 4000 with a PID of: 26477
[Fri, 21 Jun 2013 12:03:50 GMT] INFO Code changed, killing 26477, cycling ...
[Fri, 21 Jun 2013 12:03:50 GMT] INFO Creating 1 worker process.
[Fri, 21 Jun 2013 12:03:50 GMT] INFO Code changed, killing 26511, cycling ...
[Fri, 21 Jun 2013 12:03:50 GMT] INFO Creating 1 worker process.
[Fri, 21 Jun 2013 12:03:50 GMT] INFO Code changed, killing 26512, cycling ...
[Fri, 21 Jun 2013 12:03:50 GMT] INFO Creating 1 worker process.
[Fri, 21 Jun 2013 12:03:50 GMT] INFO Code changed, killing 26514, cycling ...
[Fri, 21 Jun 2013 12:03:50 GMT] INFO Creating 1 worker process.
[Fri, 21 Jun 2013 12:03:50 GMT] INFO Code changed, killing 26515, cycling ...
[Fri, 21 Jun 2013 12:03:50 GMT] INFO Creating 1 worker process.
[Fri, 21 Jun 2013 12:03:50 GMT] INFO Code changed, killing 26516, cycling ...
[Fri, 21 Jun 2013 12:03:50 GMT] INFO Creating 1 worker process.
[Fri, 21 Jun 2013 12:03:50 GMT] INFO Server worker running in development on port 4000 with a PID of: 26517
[Fri, 21 Jun 2013 12:04:04 GMT] INFO Code changed, killing 26517, cycling ...
[Fri, 21 Jun 2013 12:04:04 GMT] INFO Creating 1 worker process.
[Fri, 21 Jun 2013 12:04:04 GMT] INFO Code changed, killing 26533, cycling ...
[Fri, 21 Jun 2013 12:04:04 GMT] INFO Creating 1 worker process.
[Fri, 21 Jun 2013 12:04:04 GMT] INFO Code changed, killing 26534, cycling ...
[Fri, 21 Jun 2013 12:04:04 GMT] INFO Creating 1 worker process.
[Fri, 21 Jun 2013 12:04:04 GMT] INFO Code changed, killing 26536, cycling ...
[Fri, 21 Jun 2013 12:04:04 GMT] INFO Creating 1 worker process.
[Fri, 21 Jun 2013 12:04:04 GMT] INFO Code changed, killing 26537, cycling ...
[Fri, 21 Jun 2013 12:04:04 GMT] INFO Creating 1 worker process.
[Fri, 21 Jun 2013 12:04:04 GMT] INFO Code changed, killing 26538, cycling ...
[Fri, 21 Jun 2013 12:04:04 GMT] INFO Creating 1 worker process.
[Fri, 21 Jun 2013 12:04:04 GMT] INFO Server worker running in development on port 4000 with a PID of: 26539
[Fri, 21 Jun 2013 12:04:31 GMT] INFO Code changed, killing 26539, cycling ...
[Fri, 21 Jun 2013 12:04:31 GMT] INFO Creating 1 worker process.
[Fri, 21 Jun 2013 12:04:31 GMT] INFO Code changed, killing 26552, cycling ...
[Fri, 21 Jun 2013 12:04:31 GMT] INFO Creating 1 worker process.
[Fri, 21 Jun 2013 12:04:31 GMT] INFO Code changed, killing 26553, cycling ...
[Fri, 21 Jun 2013 12:04:31 GMT] INFO Creating 1 worker process.
[Fri, 21 Jun 2013 12:04:31 GMT] INFO Code changed, killing 26555, cycling ...
[Fri, 21 Jun 2013 12:04:31 GMT] INFO Creating 1 worker process.
[Fri, 21 Jun 2013 12:04:32 GMT] INFO Server worker running in development on port 4000 with a PID of: 26556
[Fri, 21 Jun 2013 12:05:41 GMT] INFO Code changed, killing 26556, cycling ...
[Fri, 21 Jun 2013 12:05:41 GMT] INFO Creating 1 worker process.
[Fri, 21 Jun 2013 12:05:41 GMT] INFO Code changed, killing 26570, cycling ...
[Fri, 21 Jun 2013 12:05:41 GMT] INFO Creating 1 worker process.
[Fri, 21 Jun 2013 12:05:41 GMT] INFO Code changed, killing 26571, cycling ...
[Fri, 21 Jun 2013 12:05:41 GMT] INFO Creating 1 worker process.
[Fri, 21 Jun 2013 12:05:41 GMT] INFO Code changed, killing 26573, cycling ...
[Fri, 21 Jun 2013 12:05:41 GMT] INFO Creating 1 worker process.
[Fri, 21 Jun 2013 12:05:41 GMT] INFO Server worker running in development on port 4000 with a PID of: 26574
[Fri, 21 Jun 2013 12:05:54 GMT] INFO Code changed, killing 26574, cycling ...
[Fri, 21 Jun 2013 12:05:54 GMT] INFO Creating 1 worker process.
[Fri, 21 Jun 2013 12:05:54 GMT] INFO Code changed, killing 26589, cycling ...
[Fri, 21 Jun 2013 12:05:54 GMT] INFO Creating 1 worker process.
[Fri, 21 Jun 2013 12:05:54 GMT] INFO Code changed, killing 26590, cycling ...
[Fri, 21 Jun 2013 12:05:54 GMT] INFO Creating 1 worker process.
[Fri, 21 Jun 2013 12:05:54 GMT] INFO Code changed, killing 26592, cycling ...
[Fri, 21 Jun 2013 12:05:54 GMT] INFO Creating 1 worker process.
[Fri, 21 Jun 2013 12:05:54 GMT] INFO Server worker running in development on port 4000 with a PID of: 26593
[Fri, 21 Jun 2013 12:06:27 GMT] INFO Code changed, killing 26593, cycling ...
[Fri, 21 Jun 2013 12:06:27 GMT] INFO Creating 1 worker process.
[Fri, 21 Jun 2013 12:06:27 GMT] INFO Code changed, killing 26607, cycling ...
[Fri, 21 Jun 2013 12:06:27 GMT] INFO Creating 1 worker process.
[Fri, 21 Jun 2013 12:06:27 GMT] INFO Code changed, killing 26609, cycling ...
[Fri, 21 Jun 2013 12:06:27 GMT] INFO Creating 1 worker process.
[Fri, 21 Jun 2013 12:06:27 GMT] INFO Code changed, killing 26611, cycling ...
[Fri, 21 Jun 2013 12:06:27 GMT] INFO Creating 1 worker process.
[Fri, 21 Jun 2013 12:06:27 GMT] INFO Server worker running in development on port 4000 with a PID of: 26612
[Fri, 21 Jun 2013 12:06:40 GMT] INFO Code changed, killing 26612, cycling ...
[Fri, 21 Jun 2013 12:06:40 GMT] INFO Creating 1 worker process.
[Fri, 21 Jun 2013 12:06:40 GMT] INFO Code changed, killing 26633, cycling ...
[Fri, 21 Jun 2013 12:06:40 GMT] INFO Creating 1 worker process.
[Fri, 21 Jun 2013 12:06:40 GMT] INFO Code changed, killing 26635, cycling ...
[Fri, 21 Jun 2013 12:06:40 GMT] INFO Creating 1 worker process.
[Fri, 21 Jun 2013 12:06:40 GMT] INFO Code changed, killing 26637, cycling ...
[Fri, 21 Jun 2013 12:06:40 GMT] INFO Creating 1 worker process.
[Fri, 21 Jun 2013 12:06:40 GMT] INFO Server worker running in development on port 4000 with a PID of: 26638
[Fri, 21 Jun 2013 12:06:46 GMT] INFO Code changed, killing 26638, cycling ...
[Fri, 21 Jun 2013 12:06:46 GMT] INFO Creating 1 worker process.
[Fri, 21 Jun 2013 12:06:46 GMT] INFO Code changed, killing 26642, cycling ...
[Fri, 21 Jun 2013 12:06:46 GMT] INFO Creating 1 worker process.
[Fri, 21 Jun 2013 12:06:46 GMT] INFO Code changed, killing 26643, cycling ...
[Fri, 21 Jun 2013 12:06:46 GMT] INFO Creating 1 worker process.
[Fri, 21 Jun 2013 12:06:46 GMT] INFO Code changed, killing 26645, cycling ...
[Fri, 21 Jun 2013 12:06:46 GMT] INFO Creating 1 worker process.
[Fri, 21 Jun 2013 12:06:46 GMT] INFO Server worker running in development on port 4000 with a PID of: 26646
[Fri, 21 Jun 2013 12:06:54 GMT] INFO Code changed, killing 26646, cycling ...
[Fri, 21 Jun 2013 12:06:54 GMT] INFO Creating 1 worker process.
[Fri, 21 Jun 2013 12:06:54 GMT] INFO Code changed, killing 26662, cycling ...
[Fri, 21 Jun 2013 12:06:54 GMT] INFO Creating 1 worker process.
[Fri, 21 Jun 2013 12:06:54 GMT] INFO Code changed, killing 26663, cycling ...
[Fri, 21 Jun 2013 12:06:54 GMT] INFO Creating 1 worker process.
[Fri, 21 Jun 2013 12:06:54 GMT] INFO Code changed, killing 26665, cycling ...
[Fri, 21 Jun 2013 12:06:54 GMT] INFO Creating 1 worker process.
[Fri, 21 Jun 2013 12:06:54 GMT] INFO Server worker running in development on port 4000 with a PID of: 26666
[Fri, 21 Jun 2013 12:07:42 GMT] INFO Code changed, killing 26666, cycling ...
[Fri, 21 Jun 2013 12:07:42 GMT] INFO Creating 1 worker process.
[Fri, 21 Jun 2013 12:07:42 GMT] INFO Code changed, killing 26715, cycling ...
[Fri, 21 Jun 2013 12:07:42 GMT] INFO Creating 1 worker process.
[Fri, 21 Jun 2013 12:07:42 GMT] INFO Server worker running in development on port 4000 with a PID of: 26716
[Fri, 21 Jun 2013 12:07:54 GMT] INFO Code changed, killing 26716, cycling ...
[Fri, 21 Jun 2013 12:07:54 GMT] INFO Creating 1 worker process.
[Fri, 21 Jun 2013 12:07:54 GMT] INFO Code changed, killing 26719, cycling ...
[Fri, 21 Jun 2013 12:07:54 GMT] INFO Creating 1 worker process.
[Fri, 21 Jun 2013 12:07:54 GMT] INFO Server worker running in development on port 4000 with a PID of: 26720
[Fri, 21 Jun 2013 12:07:58 GMT] INFO Code changed, killing 26720, cycling ...
[Fri, 21 Jun 2013 12:07:58 GMT] INFO Creating 1 worker process.
[Fri, 21 Jun 2013 12:07:58 GMT] INFO Code changed, killing 26722, cycling ...
[Fri, 21 Jun 2013 12:07:58 GMT] INFO Creating 1 worker process.
[Fri, 21 Jun 2013 12:07:58 GMT] INFO Server worker running in development on port 4000 with a PID of: 26723
[Fri, 21 Jun 2013 12:08:23 GMT] INFO Code changed, killing 26723, cycling ...
[Fri, 21 Jun 2013 12:08:23 GMT] INFO Creating 1 worker process.
[Fri, 21 Jun 2013 12:08:23 GMT] INFO Code changed, killing 26753, cycling ...
[Fri, 21 Jun 2013 12:08:23 GMT] INFO Creating 1 worker process.
[Fri, 21 Jun 2013 12:08:24 GMT] INFO Server worker running in development on port 4000 with a PID of: 26754
[Fri, 21 Jun 2013 12:08:37 GMT] INFO Code changed, killing 26754, cycling ...
[Fri, 21 Jun 2013 12:08:37 GMT] INFO Creating 1 worker process.
[Fri, 21 Jun 2013 12:08:37 GMT] INFO Code changed, killing 26757, cycling ...
[Fri, 21 Jun 2013 12:08:37 GMT] INFO Creating 1 worker process.
[Fri, 21 Jun 2013 12:08:37 GMT] INFO Server worker running in development on port 4000 with a PID of: 26758
[Fri, 21 Jun 2013 12:08:41 GMT] INFO Code changed, killing 26758, cycling ...
[Fri, 21 Jun 2013 12:08:41 GMT] INFO Creating 1 worker process.
[Fri, 21 Jun 2013 12:08:41 GMT] INFO Code changed, killing 26760, cycling ...
[Fri, 21 Jun 2013 12:08:41 GMT] INFO Creating 1 worker process.
[Fri, 21 Jun 2013 12:08:41 GMT] INFO Server worker running in development on port 4000 with a PID of: 26761
[Fri, 21 Jun 2013 12:08:58 GMT] INFO Code changed, killing 26761, cycling ...
[Fri, 21 Jun 2013 12:08:58 GMT] INFO Creating 1 worker process.
[Fri, 21 Jun 2013 12:08:58 GMT] INFO Code changed, killing 26775, cycling ...
[Fri, 21 Jun 2013 12:08:58 GMT] INFO Creating 1 worker process.
[Fri, 21 Jun 2013 12:08:58 GMT] INFO Server worker running in development on port 4000 with a PID of: 26776
[Fri, 21 Jun 2013 12:09:03 GMT] INFO Code changed, killing 26776, cycling ...
[Fri, 21 Jun 2013 12:09:03 GMT] INFO Creating 1 worker process.
[Fri, 21 Jun 2013 12:09:03 GMT] INFO Code changed, killing 26790, cycling ...
[Fri, 21 Jun 2013 12:09:03 GMT] INFO Creating 1 worker process.
[Fri, 21 Jun 2013 12:09:03 GMT] INFO Server worker running in development on port 4000 with a PID of: 26791
[Fri, 21 Jun 2013 12:09:11 GMT] INFO Code changed, killing 26791, cycling ...
[Fri, 21 Jun 2013 12:09:11 GMT] INFO Creating 1 worker process.
[Fri, 21 Jun 2013 12:09:11 GMT] INFO Code changed, killing 26797, cycling ...
[Fri, 21 Jun 2013 12:09:11 GMT] INFO Creating 1 worker process.
[Fri, 21 Jun 2013 12:09:11 GMT] INFO Server worker running in development on port 4000 with a PID of: 26798
[Fri, 21 Jun 2013 12:09:22 GMT] INFO Code changed, killing 26798, cycling ...
[Fri, 21 Jun 2013 12:09:22 GMT] INFO Creating 1 worker process.
[Fri, 21 Jun 2013 12:09:22 GMT] INFO Code changed, killing 26804, cycling ...
[Fri, 21 Jun 2013 12:09:22 GMT] INFO Creating 1 worker process.
[Fri, 21 Jun 2013 12:09:22 GMT] INFO Server worker running in development on port 4000 with a PID of: 26805
[Fri, 21 Jun 2013 12:09:25 GMT] INFO Code changed, killing 26805, cycling ...
[Fri, 21 Jun 2013 12:09:25 GMT] INFO Creating 1 worker process.
[Fri, 21 Jun 2013 12:09:25 GMT] INFO Code changed, killing 26811, cycling ...
[Fri, 21 Jun 2013 12:09:25 GMT] INFO Creating 1 worker process.
[Fri, 21 Jun 2013 12:09:25 GMT] INFO Server worker running in development on port 4000 with a PID of: 26812
