[Sat, 22 Jun 2013 06:42:27 GMT] INFO Server starting with config: {
  "environment": "development",
  "workers": 1,
  "port": 4000,
  "spdy": null,
  "ssl": null,
  "debug": true,
  "rotateWorkers": false,
  "rotationWindow": 7200000,
  "rotationTimeout": 300000,
  "logDir": "/home/lyykfi/Projects/khrunichev/backend/app/log",
  "gracefulShutdownTimeout": 30000,
  "heartbeatInterval": 5000,
  "heartbeatWindow": 20000,
  "staticFilePath": "/home/lyykfi/Projects/khrunichev/backend/app/public",
  "sessions": {
    "store": "memory",
    "key": "sid",
    "expiry": 1209600
  },
  "cookieSessionKey": "sdata",
  "i18n": {
    "defaultLocale": "en-us",
    "loadPaths": [
      "/home/lyykfi/Projects/khrunichev/backend/app/config/locales"
    ]
  },
  "hostname": null,
  "fullHostname": null,
  "connectCompatibility": false,
  "detailedErrors": true,
  "model": {
    "defaultAdapter": "postgres"
  },
  "db": {
    "postgresql": {
      "port": 5432,
      "password": "1234",
      "database": "kh",
      "host": "localhost",
      "user": "pgadmin"
    }
  }
}
[Sat, 22 Jun 2013 06:42:27 GMT] INFO Creating 1 worker process.
[Sat, 22 Jun 2013 06:42:28 GMT] INFO Server worker running in development on port 4000 with a PID of: 16014
[Sat, 22 Jun 2013 06:43:00 GMT] INFO Code changed, killing 16014, cycling ...
[Sat, 22 Jun 2013 06:43:00 GMT] INFO Creating 1 worker process.
[Sat, 22 Jun 2013 06:43:01 GMT] INFO Server worker running in development on port 4000 with a PID of: 16031
[Sat, 22 Jun 2013 06:43:06 GMT] INFO Code changed, killing 16031, cycling ...
[Sat, 22 Jun 2013 06:43:06 GMT] INFO Creating 1 worker process.
[Sat, 22 Jun 2013 06:43:06 GMT] INFO Server worker running in development on port 4000 with a PID of: 16045
[Sat, 22 Jun 2013 06:43:29 GMT] INFO Code changed, killing 16045, cycling ...
[Sat, 22 Jun 2013 06:43:29 GMT] INFO Creating 1 worker process.
[Sat, 22 Jun 2013 06:43:30 GMT] INFO Server worker running in development on port 4000 with a PID of: 16060
[Sat, 22 Jun 2013 06:43:37 GMT] INFO Code changed, killing 16060, cycling ...
[Sat, 22 Jun 2013 06:43:37 GMT] INFO Creating 1 worker process.
[Sat, 22 Jun 2013 06:43:37 GMT] INFO Server worker running in development on port 4000 with a PID of: 16067
[Sat, 22 Jun 2013 06:44:10 GMT] INFO Code changed, killing 16067, cycling ...
[Sat, 22 Jun 2013 06:44:10 GMT] INFO Creating 1 worker process.
[Sat, 22 Jun 2013 06:44:11 GMT] INFO Server worker running in development on port 4000 with a PID of: 16084
[Sat, 22 Jun 2013 06:46:35 GMT] INFO Code changed, killing 16084, cycling ...
[Sat, 22 Jun 2013 06:46:35 GMT] INFO Creating 1 worker process.
[Sat, 22 Jun 2013 06:46:35 GMT] INFO Server worker running in development on port 4000 with a PID of: 16165
[Sat, 22 Jun 2013 06:46:48 GMT] INFO Code changed, killing 16165, cycling ...
[Sat, 22 Jun 2013 06:46:48 GMT] INFO Creating 1 worker process.
[Sat, 22 Jun 2013 06:46:48 GMT] INFO Server worker running in development on port 4000 with a PID of: 16179
[Sat, 22 Jun 2013 06:46:57 GMT] INFO Code changed, killing 16179, cycling ...
[Sat, 22 Jun 2013 06:46:57 GMT] INFO Creating 1 worker process.
[Sat, 22 Jun 2013 06:46:57 GMT] INFO Server worker running in development on port 4000 with a PID of: 16187
[Sat, 22 Jun 2013 06:47:18 GMT] INFO Code changed, killing 16187, cycling ...
[Sat, 22 Jun 2013 06:47:18 GMT] INFO Creating 1 worker process.
[Sat, 22 Jun 2013 06:47:18 GMT] INFO Server worker running in development on port 4000 with a PID of: 16196
[Sat, 22 Jun 2013 06:47:29 GMT] INFO Code changed, killing 16196, cycling ...
[Sat, 22 Jun 2013 06:47:29 GMT] INFO Creating 1 worker process.
[Sat, 22 Jun 2013 06:47:29 GMT] INFO Server worker running in development on port 4000 with a PID of: 16218
[Sat, 22 Jun 2013 06:48:00 GMT] INFO Creating 1 worker process.
[Sat, 22 Jun 2013 06:48:00 GMT] INFO Server worker running in development on port 4000 with a PID of: 16228
[Sat, 22 Jun 2013 06:48:20 GMT] INFO Code changed, killing 16228, cycling ...
[Sat, 22 Jun 2013 06:48:20 GMT] INFO Creating 1 worker process.
[Sat, 22 Jun 2013 06:48:20 GMT] INFO Server worker running in development on port 4000 with a PID of: 16243
[Sat, 22 Jun 2013 06:48:58 GMT] INFO Code changed, killing 16243, cycling ...
[Sat, 22 Jun 2013 06:48:58 GMT] INFO Creating 1 worker process.
[Sat, 22 Jun 2013 06:48:58 GMT] INFO Server worker running in development on port 4000 with a PID of: 16260
[Sat, 22 Jun 2013 06:49:36 GMT] INFO Code changed, killing 16260, cycling ...
[Sat, 22 Jun 2013 06:49:36 GMT] INFO Creating 1 worker process.
[Sat, 22 Jun 2013 06:49:37 GMT] INFO Server worker running in development on port 4000 with a PID of: 16299
[Sat, 22 Jun 2013 06:50:39 GMT] INFO Code changed, killing 16299, cycling ...
[Sat, 22 Jun 2013 06:50:39 GMT] INFO Creating 1 worker process.
[Sat, 22 Jun 2013 06:50:40 GMT] INFO Server worker running in development on port 4000 with a PID of: 16332
[Sat, 22 Jun 2013 06:51:06 GMT] INFO Code changed, killing 16332, cycling ...
[Sat, 22 Jun 2013 06:51:06 GMT] INFO Creating 1 worker process.
[Sat, 22 Jun 2013 06:51:07 GMT] INFO Server worker running in development on port 4000 with a PID of: 16357
[Sat, 22 Jun 2013 06:51:19 GMT] INFO Code changed, killing 16357, cycling ...
[Sat, 22 Jun 2013 06:51:19 GMT] INFO Creating 1 worker process.
[Sat, 22 Jun 2013 06:51:20 GMT] INFO Server worker running in development on port 4000 with a PID of: 16365
[Sat, 22 Jun 2013 06:51:45 GMT] INFO Code changed, killing 16365, cycling ...
[Sat, 22 Jun 2013 06:51:45 GMT] INFO Creating 1 worker process.
[Sat, 22 Jun 2013 06:51:45 GMT] INFO Server worker running in development on port 4000 with a PID of: 16396
