[Sat, 22 Jun 2013 08:19:13 GMT] INFO Server starting with config: {
  "environment": "development",
  "workers": 1,
  "port": 4000,
  "spdy": null,
  "ssl": null,
  "debug": true,
  "rotateWorkers": false,
  "rotationWindow": 7200000,
  "rotationTimeout": 300000,
  "logDir": "/home/lyykfi/Projects/khrunichev/backend/app/log",
  "gracefulShutdownTimeout": 30000,
  "heartbeatInterval": 5000,
  "heartbeatWindow": 20000,
  "staticFilePath": "/home/lyykfi/Projects/khrunichev/backend/app/public",
  "sessions": {
    "store": "memory",
    "key": "sid",
    "expiry": 1209600
  },
  "cookieSessionKey": "sdata",
  "i18n": {
    "defaultLocale": "en-us",
    "loadPaths": [
      "/home/lyykfi/Projects/khrunichev/backend/app/config/locales"
    ]
  },
  "hostname": null,
  "fullHostname": null,
  "connectCompatibility": false,
  "detailedErrors": true,
  "model": {
    "defaultAdapter": "postgres"
  },
  "db": {
    "postgresql": {
      "port": 5432,
      "password": "1234",
      "database": "kh",
      "host": "localhost",
      "user": "pgadmin"
    }
  }
}
[Sat, 22 Jun 2013 08:19:13 GMT] INFO Creating 1 worker process.
[Sat, 22 Jun 2013 08:19:13 GMT] INFO Server worker running in development on port 4000 with a PID of: 20133
[Sat, 22 Jun 2013 08:22:59 GMT] INFO Code changed, killing 20133, cycling ...
[Sat, 22 Jun 2013 08:22:59 GMT] INFO Creating 1 worker process.
[Sat, 22 Jun 2013 08:22:59 GMT] INFO Server worker running in development on port 4000 with a PID of: 20225
[Sat, 22 Jun 2013 08:23:21 GMT] INFO Code changed, killing 20225, cycling ...
[Sat, 22 Jun 2013 08:23:21 GMT] INFO Creating 1 worker process.
[Sat, 22 Jun 2013 08:23:22 GMT] INFO Server worker running in development on port 4000 with a PID of: 20233
[Sat, 22 Jun 2013 08:25:47 GMT] INFO Code changed, killing 20233, cycling ...
[Sat, 22 Jun 2013 08:25:47 GMT] INFO Creating 1 worker process.
[Sat, 22 Jun 2013 08:25:47 GMT] INFO Server worker running in development on port 4000 with a PID of: 20338
[Sat, 22 Jun 2013 08:25:57 GMT] INFO Code changed, killing 20338, cycling ...
[Sat, 22 Jun 2013 08:25:57 GMT] INFO Creating 1 worker process.
[Sat, 22 Jun 2013 08:25:57 GMT] INFO Server worker running in development on port 4000 with a PID of: 20347
[Sat, 22 Jun 2013 08:27:47 GMT] INFO Code changed, killing 20347, cycling ...
[Sat, 22 Jun 2013 08:27:47 GMT] INFO Creating 1 worker process.
[Sat, 22 Jun 2013 08:27:47 GMT] INFO Server worker running in development on port 4000 with a PID of: 20406
