[Sat, 22 Jun 2013 07:23:08 GMT] INFO Server starting with config: {
  "environment": "development",
  "workers": 1,
  "port": 4000,
  "spdy": null,
  "ssl": null,
  "debug": true,
  "rotateWorkers": false,
  "rotationWindow": 7200000,
  "rotationTimeout": 300000,
  "logDir": "/home/lyykfi/Projects/khrunichev/backend/app/log",
  "gracefulShutdownTimeout": 30000,
  "heartbeatInterval": 5000,
  "heartbeatWindow": 20000,
  "staticFilePath": "/home/lyykfi/Projects/khrunichev/backend/app/public",
  "sessions": {
    "store": "memory",
    "key": "sid",
    "expiry": 1209600
  },
  "cookieSessionKey": "sdata",
  "i18n": {
    "defaultLocale": "en-us",
    "loadPaths": [
      "/home/lyykfi/Projects/khrunichev/backend/app/config/locales"
    ]
  },
  "hostname": null,
  "fullHostname": null,
  "connectCompatibility": false,
  "detailedErrors": true,
  "model": {
    "defaultAdapter": "postgres"
  },
  "db": {
    "postgresql": {
      "port": 5432,
      "password": "1234",
      "database": "kh",
      "host": "localhost",
      "user": "pgadmin"
    }
  }
}
[Sat, 22 Jun 2013 07:23:08 GMT] INFO Creating 1 worker process.
[Sat, 22 Jun 2013 07:23:08 GMT] INFO Server worker running in development on port 4000 with a PID of: 18163
[Sat, 22 Jun 2013 07:26:48 GMT] INFO Code changed, killing 18163, cycling ...
[Sat, 22 Jun 2013 07:26:48 GMT] INFO Creating 1 worker process.
[Sat, 22 Jun 2013 07:26:48 GMT] INFO Server worker running in development on port 4000 with a PID of: 18263
[Sat, 22 Jun 2013 07:28:47 GMT] INFO Code changed, killing 18263, cycling ...
[Sat, 22 Jun 2013 07:28:47 GMT] INFO Creating 1 worker process.
[Sat, 22 Jun 2013 07:28:47 GMT] INFO Server worker running in development on port 4000 with a PID of: 18296
[Sat, 22 Jun 2013 07:28:54 GMT] INFO Code changed, killing 18296, cycling ...
[Sat, 22 Jun 2013 07:28:54 GMT] INFO Creating 1 worker process.
[Sat, 22 Jun 2013 07:28:55 GMT] INFO Server worker running in development on port 4000 with a PID of: 18304
[Sat, 22 Jun 2013 07:28:58 GMT] INFO Code changed, killing 18304, cycling ...
[Sat, 22 Jun 2013 07:28:58 GMT] INFO Creating 1 worker process.
[Sat, 22 Jun 2013 07:28:58 GMT] INFO Server worker running in development on port 4000 with a PID of: 18318
[Sat, 22 Jun 2013 07:29:05 GMT] INFO Code changed, killing 18318, cycling ...
[Sat, 22 Jun 2013 07:29:05 GMT] INFO Creating 1 worker process.
[Sat, 22 Jun 2013 07:29:05 GMT] INFO Server worker running in development on port 4000 with a PID of: 18325
