[Sat, 22 Jun 2013 07:19:44 GMT] INFO Server starting with config: {
  "environment": "development",
  "workers": 1,
  "port": 4000,
  "spdy": null,
  "ssl": null,
  "debug": true,
  "rotateWorkers": false,
  "rotationWindow": 7200000,
  "rotationTimeout": 300000,
  "logDir": "/home/lyykfi/Projects/khrunichev/backend/app/log",
  "gracefulShutdownTimeout": 30000,
  "heartbeatInterval": 5000,
  "heartbeatWindow": 20000,
  "staticFilePath": "/home/lyykfi/Projects/khrunichev/backend/app/public",
  "sessions": {
    "store": "memory",
    "key": "sid",
    "expiry": 1209600
  },
  "cookieSessionKey": "sdata",
  "i18n": {
    "defaultLocale": "en-us",
    "loadPaths": [
      "/home/lyykfi/Projects/khrunichev/backend/app/config/locales"
    ]
  },
  "hostname": null,
  "fullHostname": null,
  "connectCompatibility": false,
  "detailedErrors": true,
  "model": {
    "defaultAdapter": "postgres"
  },
  "db": {
    "postgresql": {
      "port": 5432,
      "password": "1234",
      "database": "kh",
      "host": "localhost",
      "user": "pgadmin"
    }
  }
}
[Sat, 22 Jun 2013 07:19:44 GMT] INFO Creating 1 worker process.
[Sat, 22 Jun 2013 07:19:45 GMT] INFO Server worker running in development on port 4000 with a PID of: 18066
[Sat, 22 Jun 2013 07:20:29 GMT] INFO Code changed, killing 18066, cycling ...
[Sat, 22 Jun 2013 07:20:29 GMT] INFO Creating 1 worker process.
[Sat, 22 Jun 2013 07:20:29 GMT] INFO Server worker running in development on port 4000 with a PID of: 18093
[Sat, 22 Jun 2013 07:20:52 GMT] INFO Code changed, killing 18093, cycling ...
[Sat, 22 Jun 2013 07:20:52 GMT] INFO Creating 1 worker process.
[Sat, 22 Jun 2013 07:20:53 GMT] INFO Server worker running in development on port 4000 with a PID of: 18102
[Sat, 22 Jun 2013 07:21:26 GMT] INFO Code changed, killing 18102, cycling ...
[Sat, 22 Jun 2013 07:21:26 GMT] INFO Creating 1 worker process.
[Sat, 22 Jun 2013 07:21:26 GMT] INFO Server worker running in development on port 4000 with a PID of: 18127
